app/build/intermediates/manifest_merge_blame_file/debug/manifest-merger-blame-debug-report.txt
1<?xml version="1.0" encoding="utf-8"?>
2<manifest xmlns:android="http://schemas.android.com/apk/res/android"
3    package="pesh.mori.learnerapp"
4    android:versionCode="1"
5    android:versionName="1.0" >
6
7    <uses-sdk
7-->src\main\AndroidManifest.xml:6:5-57
8        android:minSdkVersion="16"
8-->src\main\AndroidManifest.xml:6:5-57
9        android:targetSdkVersion="28" />
9-->src\main\AndroidManifest.xml:6:5-57
10
11    <supports-screens
11-->src\main\AndroidManifest.xml:8:5-12:40
12        android:largeScreens="true"
12-->src\main\AndroidManifest.xml:9:9-36
13        android:normalScreens="true"
13-->src\main\AndroidManifest.xml:10:9-37
14        android:smallScreens="true"
14-->src\main\AndroidManifest.xml:11:9-36
15        android:xlargeScreens="true" />
15-->src\main\AndroidManifest.xml:12:9-37
16
17    <uses-permission android:name="android.permission.INTERNET" />
17-->src\main\AndroidManifest.xml:14:5-67
17-->src\main\AndroidManifest.xml:14:22-64
18    <uses-permission android:name="android.permission.ACCESS_NETWORK_STATE" />
18-->src\main\AndroidManifest.xml:15:5-79
18-->src\main\AndroidManifest.xml:15:22-76
19    <uses-permission android:name="android.permission.READ_EXTERNAL_STORAGE" />
19-->src\main\AndroidManifest.xml:16:5-80
19-->src\main\AndroidManifest.xml:16:22-77
20    <uses-permission android:name="android.permission.WRITE_EXTERNAL_STORAGE" />
20-->src\main\AndroidManifest.xml:17:5-81
20-->src\main\AndroidManifest.xml:17:22-78
21    <!-- <uses-permission android:name="android.permission.READ_PHONE_STATE" /> -->
22    <uses-permission android:name="android.permission.ACCESS_WIFI_STATE" />
22-->src\main\AndroidManifest.xml:19:5-76
22-->src\main\AndroidManifest.xml:19:22-73
23    <uses-permission android:name="android.permission.GET_ACCOUNTS" />
23-->src\main\AndroidManifest.xml:20:5-71
23-->src\main\AndroidManifest.xml:20:22-68
24    <uses-permission android:name="android.permission.WAKE_LOCK" /> <!-- Required by older versions of Google Play services to create IID tokens -->
24-->[com.google.android.gms:play-services-measurement-api:17.2.2] AndroidManifest.xml:24:5-68
24-->[com.google.android.gms:play-services-measurement-api:17.2.2] AndroidManifest.xml:24:22-65
25    <uses-permission android:name="com.google.android.c2dm.permission.RECEIVE" />
25-->[com.google.firebase:firebase-iid:20.0.2] AndroidManifest.xml:26:5-82
25-->[com.google.firebase:firebase-iid:20.0.2] AndroidManifest.xml:26:22-79
26    <uses-permission android:name="com.google.android.finsky.permission.BIND_GET_INSTALL_REFERRER_SERVICE" /> <!-- <uses-permission android:name="android.permission.READ_PROFILE" /> -->
26-->[com.google.android.gms:play-services-measurement:17.2.2] AndroidManifest.xml:26:5-110
26-->[com.google.android.gms:play-services-measurement:17.2.2] AndroidManifest.xml:26:22-107
27    <!-- <uses-permission android:name="android.permission.READ_CONTACTS" /> -->
28    <!-- <uses-permission android:name="android.permission.RECEIVE_SMS" /> -->
29    <!-- <uses-permission android:name="android.permission.READ_SMS" /> -->
30    <application
30-->src\main\AndroidManifest.xml:26:5-351:19
31        android:name="androidx.multidex.MultiDexApplication"
32        android:allowBackup="true"
32-->src\main\AndroidManifest.xml:27:9-35
33        android:debuggable="true"
34        android:icon="@mipmap/ic_launcher_round"
34-->src\main\AndroidManifest.xml:28:9-49
35        android:label="@string/app_name"
35-->src\main\AndroidManifest.xml:29:9-41
36        android:roundIcon="@mipmap/ic_launcher_round"
36-->src\main\AndroidManifest.xml:30:9-54
37        android:supportsRtl="true"
37-->src\main\AndroidManifest.xml:31:9-35
38        android:theme="@style/AppTheme"
38-->src\main\AndroidManifest.xml:32:9-40
39        android:usesCleartextTraffic="true" >
39-->src\main\AndroidManifest.xml:33:9-44
40        <meta-data
40-->src\main\AndroidManifest.xml:36:9-39:45
41            android:name="com.facebook.sdk.ApplicationId"
41-->src\main\AndroidManifest.xml:37:13-58
42            android:value="@string/facebook_app_id" />
42-->src\main\AndroidManifest.xml:38:13-52
43        <meta-data
43-->src\main\AndroidManifest.xml:40:9-42:63
44            android:name="com.google.firebase.messaging.default_notification_icon"
44-->src\main\AndroidManifest.xml:41:13-83
45            android:resource="@mipmap/ic_push_notification" />
45-->src\main\AndroidManifest.xml:42:13-60
46
47        <!-- <receiver android:name=".MyBroadcastReceiver" android:exported="true"> -->
48        <!-- <intent-filter> -->
49        <!-- <action android:name="com.google.android.gms.auth.api.phone.SMS_RETRIEVED" /> -->
50        <!-- </intent-filter> -->
51        <!-- </receiver> -->
52
53        <activity
53-->src\main\AndroidManifest.xml:50:9-53:48
54            android:name="com.facebook.FacebookActivity"
54-->src\main\AndroidManifest.xml:51:13-57
55            android:configChanges="keyboard|keyboardHidden|screenLayout|screenSize|orientation"
55-->src\main\AndroidManifest.xml:52:13-96
56            android:label="@string/app_name"
56-->src\main\AndroidManifest.xml:53:13-45
57            android:theme="@style/com_facebook_activity_theme" />
57-->[com.facebook.android:facebook-common:4.42.0] AndroidManifest.xml:32:13-63
58        <activity
58-->src\main\AndroidManifest.xml:54:9-65:20
59            android:name="com.facebook.CustomTabActivity"
59-->src\main\AndroidManifest.xml:55:13-58
60            android:exported="true" >
60-->src\main\AndroidManifest.xml:56:13-36
61            <intent-filter>
61-->src\main\AndroidManifest.xml:57:13-64:29
62                <action android:name="android.intent.action.VIEW" />
62-->src\main\AndroidManifest.xml:58:17-69
62-->src\main\AndroidManifest.xml:58:25-66
63
64                <category android:name="android.intent.category.DEFAULT" />
64-->src\main\AndroidManifest.xml:60:17-76
64-->src\main\AndroidManifest.xml:60:27-73
65                <category android:name="android.intent.category.BROWSABLE" />
65-->src\main\AndroidManifest.xml:61:17-78
65-->src\main\AndroidManifest.xml:61:27-75
66
67                <data android:scheme="@string/fb_login_protocol_scheme" />
67-->src\main\AndroidManifest.xml:63:17-75
67-->src\main\AndroidManifest.xml:63:23-72
68            </intent-filter>
69            <intent-filter>
69-->[com.firebaseui:firebase-ui-auth:2.3.0] AndroidManifest.xml:68:13-75:29
70                <action android:name="android.intent.action.VIEW" />
70-->src\main\AndroidManifest.xml:58:17-69
70-->src\main\AndroidManifest.xml:58:25-66
71
72                <category android:name="android.intent.category.DEFAULT" />
72-->src\main\AndroidManifest.xml:60:17-76
72-->src\main\AndroidManifest.xml:60:27-73
73                <category android:name="android.intent.category.BROWSABLE" />
73-->src\main\AndroidManifest.xml:61:17-78
73-->src\main\AndroidManifest.xml:61:27-75
74
75                <data android:scheme="@string/facebook_login_protocol_scheme" />
75-->src\main\AndroidManifest.xml:63:17-75
75-->src\main\AndroidManifest.xml:63:23-72
76            </intent-filter>
77        </activity>
78        <activity
78-->src\main\AndroidManifest.xml:66:9-74:20
79            android:name="pesh.mori.learnerapp.SelectLoginActivity"
79-->src\main\AndroidManifest.xml:67:13-48
80            android:screenOrientation="portrait" >
80-->src\main\AndroidManifest.xml:68:13-49
81            <intent-filter>
81-->src\main\AndroidManifest.xml:69:13-73:29
82                <action android:name="android.intent.action.MAIN" />
82-->src\main\AndroidManifest.xml:70:17-69
82-->src\main\AndroidManifest.xml:70:25-66
83
84                <category android:name="android.intent.category.LAUNCHER" />
84-->src\main\AndroidManifest.xml:72:17-77
84-->src\main\AndroidManifest.xml:72:27-74
85            </intent-filter>
86        </activity>
87        <activity
87-->src\main\AndroidManifest.xml:75:9-77:59
88            android:name="com.theartofdev.edmodo.cropper.CropImageActivity"
88-->src\main\AndroidManifest.xml:76:13-76
89            android:theme="@style/Base.Theme.AppCompat" />
89-->src\main\AndroidManifest.xml:77:13-56
90        <activity
90-->src\main\AndroidManifest.xml:78:9-81:46
91            android:name="pesh.mori.learnerapp.LoginActivity"
91-->src\main\AndroidManifest.xml:79:13-42
92            android:screenOrientation="portrait"
92-->src\main\AndroidManifest.xml:80:13-49
93            android:theme="@style/MyTheme" />
93-->src\main\AndroidManifest.xml:81:13-43
94        <activity
94-->src\main\AndroidManifest.xml:82:9-86:47
95            android:name="pesh.mori.learnerapp.ForgotPasswordActivity"
95-->src\main\AndroidManifest.xml:83:13-51
96            android:label="Password Reset"
96-->src\main\AndroidManifest.xml:84:13-43
97            android:screenOrientation="portrait"
97-->src\main\AndroidManifest.xml:85:13-49
98            android:theme="@style/MyTheme3" />
98-->src\main\AndroidManifest.xml:86:13-44
99        <activity
99-->src\main\AndroidManifest.xml:87:9-91:47
100            android:name="pesh.mori.learnerapp.RegistrationActivity"
100-->src\main\AndroidManifest.xml:88:13-49
101            android:label="Sign Up"
101-->src\main\AndroidManifest.xml:89:13-36
102            android:screenOrientation="portrait"
102-->src\main\AndroidManifest.xml:90:13-49
103            android:theme="@style/MyTheme3" />
103-->src\main\AndroidManifest.xml:91:13-44
104        <activity
104-->src\main\AndroidManifest.xml:92:9-96:47
105            android:name="pesh.mori.learnerapp.CredentialsActivity"
105-->src\main\AndroidManifest.xml:93:13-48
106            android:label="Create Credentials"
106-->src\main\AndroidManifest.xml:94:13-47
107            android:screenOrientation="portrait"
107-->src\main\AndroidManifest.xml:95:13-49
108            android:theme="@style/MyTheme3" />
108-->src\main\AndroidManifest.xml:96:13-44
109        <activity
109-->src\main\AndroidManifest.xml:97:9-101:47
110            android:name="pesh.mori.learnerapp.HomeActivity"
110-->src\main\AndroidManifest.xml:98:13-41
111            android:label="Home"
111-->src\main\AndroidManifest.xml:99:13-33
112            android:screenOrientation="portrait"
112-->src\main\AndroidManifest.xml:100:13-49
113            android:theme="@style/MyTheme4" />
113-->src\main\AndroidManifest.xml:101:13-44
114        <activity
114-->src\main\AndroidManifest.xml:102:9-106:47
115            android:name="pesh.mori.learnerapp.CategoryActivity"
115-->src\main\AndroidManifest.xml:103:13-45
116            android:label="DIY"
116-->src\main\AndroidManifest.xml:104:13-32
117            android:screenOrientation="portrait"
117-->src\main\AndroidManifest.xml:105:13-49
118            android:theme="@style/MyTheme2" />
118-->src\main\AndroidManifest.xml:106:13-44
119        <activity
119-->src\main\AndroidManifest.xml:107:9-111:47
120            android:name="pesh.mori.learnerapp.DownloadDiyActivity"
120-->src\main\AndroidManifest.xml:108:13-48
121            android:label="DIY"
121-->src\main\AndroidManifest.xml:109:13-32
122            android:screenOrientation="portrait"
122-->src\main\AndroidManifest.xml:110:13-49
123            android:theme="@style/MyTheme2" />
123-->src\main\AndroidManifest.xml:111:13-44
124        <activity
124-->src\main\AndroidManifest.xml:112:9-115:47
125            android:name="pesh.mori.learnerapp.UploadDiyActivity"
125-->src\main\AndroidManifest.xml:113:13-46
126            android:screenOrientation="portrait"
126-->src\main\AndroidManifest.xml:114:13-49
127            android:theme="@style/MyTheme2" />
127-->src\main\AndroidManifest.xml:115:13-44
128        <activity
128-->src\main\AndroidManifest.xml:116:9-120:47
129            android:name="pesh.mori.learnerapp.InstitutionActivity"
129-->src\main\AndroidManifest.xml:117:13-48
130            android:label="Institution"
130-->src\main\AndroidManifest.xml:118:13-40
131            android:screenOrientation="portrait"
131-->src\main\AndroidManifest.xml:119:13-49
132            android:theme="@style/MyTheme2" />
132-->src\main\AndroidManifest.xml:120:13-44
133        <activity
133-->src\main\AndroidManifest.xml:121:9-125:47
134            android:name="pesh.mori.learnerapp.DownloadActivity"
134-->src\main\AndroidManifest.xml:122:13-45
135            android:label="Institution"
135-->src\main\AndroidManifest.xml:123:13-40
136            android:screenOrientation="portrait"
136-->src\main\AndroidManifest.xml:124:13-49
137            android:theme="@style/MyTheme2" />
137-->src\main\AndroidManifest.xml:125:13-44
138        <activity
138-->src\main\AndroidManifest.xml:126:9-129:47
139            android:name="pesh.mori.learnerapp.UploadActivity"
139-->src\main\AndroidManifest.xml:127:13-43
140            android:screenOrientation="portrait"
140-->src\main\AndroidManifest.xml:128:13-49
141            android:theme="@style/MyTheme2" />
141-->src\main\AndroidManifest.xml:129:13-44
142        <activity
142-->src\main\AndroidManifest.xml:130:9-133:47
143            android:name="pesh.mori.learnerapp.ContentActivity"
143-->src\main\AndroidManifest.xml:131:13-44
144            android:screenOrientation="portrait"
144-->src\main\AndroidManifest.xml:132:13-49
145            android:theme="@style/MyTheme2" />
145-->src\main\AndroidManifest.xml:133:13-44
146        <activity
146-->src\main\AndroidManifest.xml:134:9-137:52
147            android:name="pesh.mori.learnerapp.TokensActivity"
147-->src\main\AndroidManifest.xml:135:13-43
148            android:label="Tokens"
148-->src\main\AndroidManifest.xml:136:13-35
149            android:screenOrientation="portrait" />
149-->src\main\AndroidManifest.xml:137:13-49
150        <activity
150-->src\main\AndroidManifest.xml:138:9-141:52
151            android:name="pesh.mori.learnerapp.MyFilesActivity"
151-->src\main\AndroidManifest.xml:139:13-44
152            android:label="Content"
152-->src\main\AndroidManifest.xml:140:13-36
153            android:screenOrientation="portrait" />
153-->src\main\AndroidManifest.xml:141:13-49
154        <activity
154-->src\main\AndroidManifest.xml:142:9-144:52
155            android:name="pesh.mori.learnerapp.SocialActivity"
155-->src\main\AndroidManifest.xml:143:13-43
156            android:screenOrientation="portrait" />
156-->src\main\AndroidManifest.xml:144:13-49
157        <activity
157-->src\main\AndroidManifest.xml:145:9-147:52
158            android:name="pesh.mori.learnerapp.MymessagesActivity"
158-->src\main\AndroidManifest.xml:146:13-47
159            android:screenOrientation="portrait" />
159-->src\main\AndroidManifest.xml:147:13-49
160        <activity
160-->src\main\AndroidManifest.xml:148:9-152:47
161            android:name="pesh.mori.learnerapp.ProfileActivity"
161-->src\main\AndroidManifest.xml:149:13-44
162            android:label="Profile Settings"
162-->src\main\AndroidManifest.xml:150:13-45
163            android:screenOrientation="portrait"
163-->src\main\AndroidManifest.xml:151:13-49
164            android:theme="@style/AppTheme" />
164-->src\main\AndroidManifest.xml:152:13-44
165        <activity
165-->src\main\AndroidManifest.xml:153:9-157:47
166            android:name="pesh.mori.learnerapp.ChangeEmailActivity"
166-->src\main\AndroidManifest.xml:154:13-48
167            android:label="Change Email"
167-->src\main\AndroidManifest.xml:155:13-41
168            android:screenOrientation="portrait"
168-->src\main\AndroidManifest.xml:156:13-49
169            android:theme="@style/MyTheme3" />
169-->src\main\AndroidManifest.xml:157:13-44
170        <activity
170-->src\main\AndroidManifest.xml:158:9-162:47
171            android:name="pesh.mori.learnerapp.ChangePasswordActivity"
171-->src\main\AndroidManifest.xml:159:13-51
172            android:label="Change Password"
172-->src\main\AndroidManifest.xml:160:13-44
173            android:screenOrientation="portrait"
173-->src\main\AndroidManifest.xml:161:13-49
174            android:theme="@style/MyTheme3" />
174-->src\main\AndroidManifest.xml:162:13-44
175        <activity
175-->src\main\AndroidManifest.xml:163:9-167:47
176            android:name="pesh.mori.learnerapp.BioActivity"
176-->src\main\AndroidManifest.xml:164:13-40
177            android:label="Bio"
177-->src\main\AndroidManifest.xml:165:13-32
178            android:screenOrientation="portrait"
178-->src\main\AndroidManifest.xml:166:13-49
179            android:theme="@style/MyTheme3" />
179-->src\main\AndroidManifest.xml:167:13-44
180        <activity
180-->src\main\AndroidManifest.xml:168:9-172:47
181            android:name="pesh.mori.learnerapp.ChangePhoneActivity"
181-->src\main\AndroidManifest.xml:169:13-48
182            android:label="New Phone Number"
182-->src\main\AndroidManifest.xml:170:13-45
183            android:screenOrientation="portrait"
183-->src\main\AndroidManifest.xml:171:13-49
184            android:theme="@style/MyTheme3" />
184-->src\main\AndroidManifest.xml:172:13-44
185        <activity
185-->src\main\AndroidManifest.xml:173:9-175:52
186            android:name="pesh.mori.learnerapp.MypcActivity"
186-->src\main\AndroidManifest.xml:174:13-41
187            android:screenOrientation="portrait" />
187-->src\main\AndroidManifest.xml:175:13-49
188        <activity
188-->src\main\AndroidManifest.xml:176:9-180:47
189            android:name="pesh.mori.learnerapp.ReportPostActivity"
189-->src\main\AndroidManifest.xml:177:13-47
190            android:label="Report"
190-->src\main\AndroidManifest.xml:178:13-35
191            android:screenOrientation="portrait"
191-->src\main\AndroidManifest.xml:179:13-49
192            android:theme="@style/MyTheme3" />
192-->src\main\AndroidManifest.xml:180:13-44
193        <activity
193-->src\main\AndroidManifest.xml:181:9-184:47
194            android:name="pesh.mori.learnerapp.ViewBioActivity"
194-->src\main\AndroidManifest.xml:182:13-44
195            android:screenOrientation="portrait"
195-->src\main\AndroidManifest.xml:183:13-49
196            android:theme="@style/AppTheme" />
196-->src\main\AndroidManifest.xml:184:13-44
197        <activity
197-->src\main\AndroidManifest.xml:185:9-188:47
198            android:name="pesh.mori.learnerapp.ShareActivity"
198-->src\main\AndroidManifest.xml:186:13-42
199            android:screenOrientation="portrait"
199-->src\main\AndroidManifest.xml:187:13-49
200            android:theme="@style/MyTheme2" />
200-->src\main\AndroidManifest.xml:188:13-44
201        <activity
201-->src\main\AndroidManifest.xml:189:9-192:47
202            android:name="pesh.mori.learnerapp.RecentActivity"
202-->src\main\AndroidManifest.xml:190:13-43
203            android:screenOrientation="portrait"
203-->src\main\AndroidManifest.xml:191:13-49
204            android:theme="@style/MyTheme2" />
204-->src\main\AndroidManifest.xml:192:13-44
205        <activity
205-->src\main\AndroidManifest.xml:193:9-196:47
206            android:name="pesh.mori.learnerapp.ContentDiyActivity"
206-->src\main\AndroidManifest.xml:194:13-47
207            android:screenOrientation="portrait"
207-->src\main\AndroidManifest.xml:195:13-49
208            android:theme="@style/MyTheme2" />
208-->src\main\AndroidManifest.xml:196:13-44
209        <activity
209-->src\main\AndroidManifest.xml:197:9-200:47
210            android:name="pesh.mori.learnerapp.WriterActivity"
210-->src\main\AndroidManifest.xml:198:13-43
211            android:screenOrientation="portrait"
211-->src\main\AndroidManifest.xml:199:13-49
212            android:theme="@style/MyTheme3" />
212-->src\main\AndroidManifest.xml:200:13-44
213        <activity
213-->src\main\AndroidManifest.xml:201:9-205:47
214            android:name="pesh.mori.learnerapp.NewFileUpload"
214-->src\main\AndroidManifest.xml:202:13-42
215            android:excludeFromRecents="true"
215-->src\main\AndroidManifest.xml:203:13-46
216            android:label="Upload File"
216-->src\main\AndroidManifest.xml:204:13-40
217            android:theme="@style/AppTheme" />
217-->src\main\AndroidManifest.xml:205:13-44
218        <activity
218-->src\main\AndroidManifest.xml:206:9-210:55
219            android:name="pesh.mori.learnerapp.NewNoteActivity"
219-->src\main\AndroidManifest.xml:207:13-44
220            android:excludeFromRecents="true"
220-->src\main\AndroidManifest.xml:208:13-46
221            android:label="New Note"
221-->src\main\AndroidManifest.xml:209:13-37
222            android:theme="@style/Theme.UserDialog" />
222-->src\main\AndroidManifest.xml:210:13-52
223        <activity
223-->src\main\AndroidManifest.xml:211:9-214:47
224            android:name="pesh.mori.learnerapp.ViewFileActivity"
224-->src\main\AndroidManifest.xml:212:13-45
225            android:label="Viewing"
225-->src\main\AndroidManifest.xml:213:13-36
226            android:theme="@style/AppTheme" />
226-->src\main\AndroidManifest.xml:214:13-44
227        <activity
227-->src\main\AndroidManifest.xml:215:9-219:47
228            android:name="pesh.mori.learnerapp.ViewNoteActivity"
228-->src\main\AndroidManifest.xml:216:13-45
229            android:label="My Notes"
229-->src\main\AndroidManifest.xml:217:13-37
230            android:screenOrientation="portrait"
230-->src\main\AndroidManifest.xml:218:13-49
231            android:theme="@style/AppTheme" />
231-->src\main\AndroidManifest.xml:219:13-44
232        <activity
232-->src\main\AndroidManifest.xml:220:9-224:55
233            android:name="pesh.mori.learnerapp.AuthenticationActivity"
233-->src\main\AndroidManifest.xml:221:13-51
234            android:excludeFromRecents="true"
234-->src\main\AndroidManifest.xml:222:13-46
235            android:label="Authentication"
235-->src\main\AndroidManifest.xml:223:13-43
236            android:theme="@style/Theme.UserDialog" />
236-->src\main\AndroidManifest.xml:224:13-52
237        <activity
237-->src\main\AndroidManifest.xml:225:9-229:47
238            android:name="pesh.mori.learnerapp.NewFileUploadFull"
238-->src\main\AndroidManifest.xml:226:13-46
239            android:excludeFromRecents="true"
239-->src\main\AndroidManifest.xml:227:13-46
240            android:label="Upload File"
240-->src\main\AndroidManifest.xml:228:13-40
241            android:theme="@style/AppTheme" />
241-->src\main\AndroidManifest.xml:229:13-44
242        <activity
242-->src\main\AndroidManifest.xml:230:9-234:47
243            android:name="pesh.mori.learnerapp.DownloadsList"
243-->src\main\AndroidManifest.xml:231:13-42
244            android:excludeFromRecents="true"
244-->src\main\AndroidManifest.xml:232:13-46
245            android:label="Search Results"
245-->src\main\AndroidManifest.xml:233:13-43
246            android:theme="@style/AppTheme" />
246-->src\main\AndroidManifest.xml:234:13-44
247        <activity
247-->src\main\AndroidManifest.xml:235:9-239:47
248            android:name="pesh.mori.learnerapp.NewDiyUpload"
248-->src\main\AndroidManifest.xml:236:13-41
249            android:excludeFromRecents="true"
249-->src\main\AndroidManifest.xml:237:13-46
250            android:label="New DIY Tutorial"
250-->src\main\AndroidManifest.xml:238:13-45
251            android:theme="@style/AppTheme" />
251-->src\main\AndroidManifest.xml:239:13-44
252        <activity
252-->src\main\AndroidManifest.xml:240:9-244:47
253            android:name="pesh.mori.learnerapp.MessagesActivity"
253-->src\main\AndroidManifest.xml:241:13-45
254            android:label="Messages"
254-->src\main\AndroidManifest.xml:242:13-37
255            android:screenOrientation="portrait"
255-->src\main\AndroidManifest.xml:243:13-49
256            android:theme="@style/AppTheme" />
256-->src\main\AndroidManifest.xml:244:13-44
257        <activity
257-->src\main\AndroidManifest.xml:245:9-248:47
258            android:name="pesh.mori.learnerapp.ViewDiyActivity"
258-->src\main\AndroidManifest.xml:246:13-44
259            android:label="Viewing"
259-->src\main\AndroidManifest.xml:247:13-36
260            android:theme="@style/AppTheme" />
260-->src\main\AndroidManifest.xml:248:13-44
261        <activity
261-->src\main\AndroidManifest.xml:249:9-253:47
262            android:name="pesh.mori.learnerapp.ViewMessagesActivity"
262-->src\main\AndroidManifest.xml:250:13-49
263            android:label="View Message"
263-->src\main\AndroidManifest.xml:251:13-41
264            android:screenOrientation="portrait"
264-->src\main\AndroidManifest.xml:252:13-49
265            android:theme="@style/AppTheme" />
265-->src\main\AndroidManifest.xml:253:13-44
266        <activity
266-->src\main\AndroidManifest.xml:254:9-258:47
267            android:name="pesh.mori.learnerapp.TransactionsActivity"
267-->src\main\AndroidManifest.xml:255:13-49
268            android:excludeFromRecents="true"
268-->src\main\AndroidManifest.xml:256:13-46
269            android:label="Purchase Item"
269-->src\main\AndroidManifest.xml:257:13-42
270            android:theme="@style/AppTheme" />
270-->src\main\AndroidManifest.xml:258:13-44
271        <activity
271-->src\main\AndroidManifest.xml:259:9-263:55
272            android:name="pesh.mori.learnerapp.BidActivity"
272-->src\main\AndroidManifest.xml:260:13-40
273            android:excludeFromRecents="true"
273-->src\main\AndroidManifest.xml:261:13-46
274            android:label="Bid Item"
274-->src\main\AndroidManifest.xml:262:13-37
275            android:theme="@style/Theme.UserDialog" />
275-->src\main\AndroidManifest.xml:263:13-52
276        <activity
276-->src\main\AndroidManifest.xml:264:9-268:55
277            android:name="pesh.mori.learnerapp.ViewBidActivity"
277-->src\main\AndroidManifest.xml:265:13-44
278            android:excludeFromRecents="true"
278-->src\main\AndroidManifest.xml:266:13-46
279            android:label="Bid Review"
279-->src\main\AndroidManifest.xml:267:13-39
280            android:theme="@style/Theme.UserDialog" />
280-->src\main\AndroidManifest.xml:268:13-52
281        <activity
281-->src\main\AndroidManifest.xml:269:9-273:47
282            android:name="pesh.mori.learnerapp.SearchUserActivity"
282-->src\main\AndroidManifest.xml:270:13-47
283            android:excludeFromRecents="true"
283-->src\main\AndroidManifest.xml:271:13-46
284            android:label="Select Recepient"
284-->src\main\AndroidManifest.xml:272:13-45
285            android:theme="@style/AppTheme" />
285-->src\main\AndroidManifest.xml:273:13-44
286        <activity
286-->src\main\AndroidManifest.xml:274:9-278:47
287            android:name="pesh.mori.learnerapp.ReadDocument"
287-->src\main\AndroidManifest.xml:275:13-41
288            android:excludeFromRecents="true"
288-->src\main\AndroidManifest.xml:276:13-46
289            android:label="Read Document"
289-->src\main\AndroidManifest.xml:277:13-42
290            android:theme="@style/AppTheme" />
290-->src\main\AndroidManifest.xml:278:13-44
291
292        <service
292-->src\main\AndroidManifest.xml:280:9-286:19
293            android:name="pesh.mori.learnerapp.MyFirebaseMessagingService"
293-->src\main\AndroidManifest.xml:281:13-55
294            android:exported="false" >
294-->src\main\AndroidManifest.xml:282:13-37
295            <intent-filter>
295-->src\main\AndroidManifest.xml:283:13-285:29
296                <action android:name="com.google.firebase.MESSAGING_EVENT" />
296-->src\main\AndroidManifest.xml:284:17-78
296-->src\main\AndroidManifest.xml:284:25-75
297            </intent-filter>
298        </service>
299
300        <activity
300-->src\main\AndroidManifest.xml:288:9-292:54
301            android:name="pesh.mori.learnerapp.FullscreenActivity"
301-->src\main\AndroidManifest.xml:289:13-47
302            android:configChanges="orientation|keyboardHidden|screenSize"
302-->src\main\AndroidManifest.xml:290:13-74
303            android:label="@string/title_activity_fullscreen"
303-->src\main\AndroidManifest.xml:291:13-62
304            android:theme="@style/FullscreenTheme" />
304-->src\main\AndroidManifest.xml:292:13-51
305        <activity
305-->src\main\AndroidManifest.xml:293:9-295:52
306            android:name="pesh.mori.learnerapp.WelcomeActivity"
306-->src\main\AndroidManifest.xml:294:13-44
307            android:screenOrientation="portrait" /> <!-- <activity -->
307-->src\main\AndroidManifest.xml:295:13-49
308        <!-- android:name=".NewHome" -->
309        <!-- android:label="@string/title_activity_new_home" -->
310        <!-- android:theme="@style/AppTheme" /> -->
311        <activity
311-->src\main\AndroidManifest.xml:299:9-303:47
312            android:name="pesh.mori.learnerapp.NotesList"
312-->src\main\AndroidManifest.xml:300:13-38
313            android:excludeFromRecents="true"
313-->src\main\AndroidManifest.xml:301:13-46
314            android:label="List of Notes"
314-->src\main\AndroidManifest.xml:302:13-42
315            android:theme="@style/AppTheme" />
315-->src\main\AndroidManifest.xml:303:13-44
316        <activity
316-->src\main\AndroidManifest.xml:304:9-307:47
317            android:name="pesh.mori.learnerapp.ViewAuthorActivity"
317-->src\main\AndroidManifest.xml:305:13-47
318            android:label="@string/title_activity_view_author"
318-->src\main\AndroidManifest.xml:306:13-63
319            android:theme="@style/AppTheme" />
319-->src\main\AndroidManifest.xml:307:13-44
320        <activity
320-->src\main\AndroidManifest.xml:308:9-311:47
321            android:name="pesh.mori.learnerapp.SettingsActivity"
321-->src\main\AndroidManifest.xml:309:13-45
322            android:label="@string/action_settings"
322-->src\main\AndroidManifest.xml:310:13-52
323            android:theme="@style/AppTheme" />
323-->src\main\AndroidManifest.xml:311:13-44
324        <activity android:name="pesh.mori.learnerapp.MaintenanceActivity" />
324-->src\main\AndroidManifest.xml:312:9-57
324-->src\main\AndroidManifest.xml:312:19-54
325        <activity
325-->src\main\AndroidManifest.xml:313:9-316:55
326            android:name="pesh.mori.learnerapp.GoogleAuthHandlerActivity"
326-->src\main\AndroidManifest.xml:314:13-54
327            android:label="Sign In"
327-->src\main\AndroidManifest.xml:315:13-36
328            android:theme="@style/Theme.UserDialog" />